<?xml version="1.0" encoding="UTF-8"?>
<testng-results ignored="0" total="3" passed="2" failed="1" skipped="0">
  <reporter-output>
    <line>
      <![CDATA[MethodCreateCustomeris Started]]>
    </line>
    <line>
      <![CDATA[Created a Customer]]>
    </line>
    <line>
      <![CDATA[MethodCreateCustomeris  Passed]]>
    </line>
    <line>
      <![CDATA[MethodModifyCustomeris Started]]>
    </line>
    <line>
      <![CDATA[MethodModifyCustomeris failed]]>
    </line>
    <line>
      <![CDATA[MethoddeleteCustomeris Started]]>
    </line>
    <line>
      <![CDATA[Delete a Customer]]>
    </line>
    <line>
      <![CDATA[MethoddeleteCustomeris  Passed]]>
    </line>
  </reporter-output>
  <suite started-at="2025-09-01T18:18:19Z" name="Suite" finished-at="2025-09-01T18:18:19Z" duration-ms="23">
    <groups>
    </groups>
    <test started-at="2025-09-01T18:18:19Z" name="Test" finished-at="2025-09-01T18:18:19Z" duration-ms="23">
      <class name="com.listeners.selenium.CustomerClass">
        <test-method is-config="true" signature="OpenBrowser()[pri:0, instance:com.listeners.selenium.CustomerClass@7748410a]" started-at="2025-09-01T23:48:19Z" name="OpenBrowser" finished-at="2025-09-01T23:48:19Z" duration-ms="3" status="PASS">
          <reporter-output>
          </reporter-output>
        </test-method> <!-- OpenBrowser -->
        <test-method signature="CreateCustomer()[pri:0, instance:com.listeners.selenium.CustomerClass@7748410a]" started-at="2025-09-01T23:48:19Z" name="CreateCustomer" finished-at="2025-09-01T23:48:19Z" duration-ms="3" status="PASS">
          <reporter-output>
            <line>
              <![CDATA[MethodCreateCustomeris Started]]>
            </line>
            <line>
              <![CDATA[Created a Customer]]>
            </line>
            <line>
              <![CDATA[MethodCreateCustomeris  Passed]]>
            </line>
          </reporter-output>
        </test-method> <!-- CreateCustomer -->
        <test-method is-config="true" signature="Login()[pri:0, instance:com.listeners.selenium.CustomerClass@7748410a]" started-at="2025-09-01T23:48:19Z" name="Login" finished-at="2025-09-01T23:48:19Z" duration-ms="0" status="PASS">
          <reporter-output>
          </reporter-output>
        </test-method> <!-- Login -->
        <test-method is-config="true" signature="Logout()[pri:0, instance:com.listeners.selenium.CustomerClass@7748410a]" started-at="2025-09-01T23:48:19Z" name="Logout" finished-at="2025-09-01T23:48:19Z" duration-ms="0" status="PASS">
          <reporter-output>
          </reporter-output>
        </test-method> <!-- Logout -->
        <test-method is-config="true" signature="Login()[pri:0, instance:com.listeners.selenium.CustomerClass@7748410a]" started-at="2025-09-01T23:48:19Z" name="Login" finished-at="2025-09-01T23:48:19Z" duration-ms="0" status="PASS">
          <reporter-output>
          </reporter-output>
        </test-method> <!-- Login -->
        <test-method signature="ModifyCustomer()[pri:1, instance:com.listeners.selenium.CustomerClass@7748410a]" started-at="2025-09-01T23:48:19Z" name="ModifyCustomer" finished-at="2025-09-01T23:48:19Z" duration-ms="1" status="FAIL">
          <exception class="java.lang.AssertionError">
            <message>
              <![CDATA[null]]>
            </message>
            <full-stacktrace>
              <![CDATA[java.lang.AssertionError: null
	at org.testng.Assert.fail(Assert.java:93)
	at org.testng.Assert.fail(Assert.java:100)
	at com.listeners.selenium.CustomerClass.ModifyCustomer(CustomerClass.java:22)
	at java.base/jdk.internal.reflect.NativeMethodAccessorImpl.invoke0(Native Method)
	at java.base/jdk.internal.reflect.NativeMethodAccessorImpl.invoke(NativeMethodAccessorImpl.java:77)
	at java.base/jdk.internal.reflect.DelegatingMethodAccessorImpl.invoke(DelegatingMethodAccessorImpl.java:43)
	at java.base/java.lang.reflect.Method.invoke(Method.java:568)
	at org.testng.internal.MethodInvocationHelper.invokeMethod(MethodInvocationHelper.java:108)
	at org.testng.internal.Invoker.invokeMethod(Invoker.java:661)
	at org.testng.internal.Invoker.invokeTestMethod(Invoker.java:869)
	at org.testng.internal.Invoker.invokeTestMethods(Invoker.java:1193)
	at org.testng.internal.TestMethodWorker.invokeTestMethods(TestMethodWorker.java:126)
	at org.testng.internal.TestMethodWorker.run(TestMethodWorker.java:109)
	at org.testng.TestRunner.privateRun(TestRunner.java:744)
	at org.testng.TestRunner.run(TestRunner.java:602)
	at org.testng.SuiteRunner.runTest(SuiteRunner.java:380)
	at org.testng.SuiteRunner.runSequentially(SuiteRunner.java:375)
	at org.testng.SuiteRunner.privateRun(SuiteRunner.java:340)
	at org.testng.SuiteRunner.run(SuiteRunner.java:289)
	at org.testng.SuiteRunnerWorker.runSuite(SuiteRunnerWorker.java:52)
	at org.testng.SuiteRunnerWorker.run(SuiteRunnerWorker.java:86)
	at org.testng.TestNG.runSuitesSequentially(TestNG.java:1301)
	at org.testng.TestNG.runSuitesLocally(TestNG.java:1226)
	at org.testng.TestNG.runSuites(TestNG.java:1144)
	at org.testng.TestNG.run(TestNG.java:1115)
	at org.testng.remote.AbstractRemoteTestNG.run(AbstractRemoteTestNG.java:115)
	at org.testng.remote.RemoteTestNG.initAndRun(RemoteTestNG.java:251)
	at org.testng.remote.RemoteTestNG.main(RemoteTestNG.java:77)
]]>
            </full-stacktrace>
          </exception> <!-- java.lang.AssertionError -->
          <reporter-output>
            <line>
              <![CDATA[MethodModifyCustomeris Started]]>
            </line>
            <line>
              <![CDATA[MethodModifyCustomeris failed]]>
            </line>
          </reporter-output>
        </test-method> <!-- ModifyCustomer -->
        <test-method is-config="true" signature="Logout()[pri:0, instance:com.listeners.selenium.CustomerClass@7748410a]" started-at="2025-09-01T23:48:19Z" name="Logout" finished-at="2025-09-01T23:48:19Z" duration-ms="0" status="PASS">
          <reporter-output>
          </reporter-output>
        </test-method> <!-- Logout -->
        <test-method is-config="true" signature="Login()[pri:0, instance:com.listeners.selenium.CustomerClass@7748410a]" started-at="2025-09-01T23:48:19Z" name="Login" finished-at="2025-09-01T23:48:19Z" duration-ms="0" status="PASS">
          <reporter-output>
          </reporter-output>
        </test-method> <!-- Login -->
        <test-method signature="deleteCustomer()[pri:2, instance:com.listeners.selenium.CustomerClass@7748410a]" started-at="2025-09-01T23:48:19Z" name="deleteCustomer" finished-at="2025-09-01T23:48:19Z" duration-ms="1" status="PASS">
          <reporter-output>
            <line>
              <![CDATA[MethoddeleteCustomeris Started]]>
            </line>
            <line>
              <![CDATA[Delete a Customer]]>
            </line>
            <line>
              <![CDATA[MethoddeleteCustomeris  Passed]]>
            </line>
          </reporter-output>
        </test-method> <!-- deleteCustomer -->
        <test-method is-config="true" signature="Logout()[pri:0, instance:com.listeners.selenium.CustomerClass@7748410a]" started-at="2025-09-01T23:48:19Z" name="Logout" finished-at="2025-09-01T23:48:19Z" duration-ms="0" status="PASS">
          <reporter-output>
          </reporter-output>
        </test-method> <!-- Logout -->
        <test-method is-config="true" signature="CloseBrowser()[pri:0, instance:com.listeners.selenium.CustomerClass@7748410a]" started-at="2025-09-01T23:48:19Z" name="CloseBrowser" finished-at="2025-09-01T23:48:19Z" duration-ms="0" status="PASS">
          <reporter-output>
          </reporter-output>
        </test-method> <!-- CloseBrowser -->
      </class> <!-- com.listeners.selenium.CustomerClass -->
    </test> <!-- Test -->
  </suite> <!-- Suite -->
</testng-results>
