<?xml version="1.0" encoding="UTF-8"?>
<testng-results ignored="0" total="2" passed="2" failed="0" skipped="0">
  <reporter-output>
    <line>
      <![CDATA[Test Output]]>
    </line>
    <line>
      <![CDATA[Close Browser]]>
    </line>
  </reporter-output>
  <suite started-at="2025-09-24T11:23:29 IST" name="Suite" finished-at="2025-09-24T11:23:29 IST" duration-ms="51">
    <groups>
    </groups>
    <test started-at="2025-09-24T11:23:29 IST" name="Test" finished-at="2025-09-24T11:23:29 IST" duration-ms="51">
      <class name="com.kanva.testscripts.Sample">
        <test-method signature="openBrowser()[pri:0, instance:com.kanva.testscripts.Sample@48aca48b]" started-at="2025-09-24T11:23:29 IST" name="openBrowser" finished-at="2025-09-24T11:23:29 IST" duration-ms="8" status="PASS">
          <reporter-output>
            <line>
              <![CDATA[Test Output]]>
            </line>
          </reporter-output>
        </test-method> <!-- openBrowser -->
      </class> <!-- com.kanva.testscripts.Sample -->
      <class name="com.kanva.testscripts.Test2">
        <test-method signature="closeBrowser()[pri:0, instance:com.kanva.testscripts.Test2@3527942a]" started-at="2025-09-24T11:23:29 IST" name="closeBrowser" finished-at="2025-09-24T11:23:29 IST" duration-ms="1" status="PASS">
          <reporter-output>
            <line>
              <![CDATA[Close Browser]]>
            </line>
          </reporter-output>
        </test-method> <!-- closeBrowser -->
      </class> <!-- com.kanva.testscripts.Test2 -->
    </test> <!-- Test -->
  </suite> <!-- Suite -->
</testng-results>
