<?xml version="1.0" encoding="UTF-8"?>
<testng-results ignored="0" total="1" passed="1" failed="0" skipped="0">
  <reporter-output>
    <line>
      <![CDATA[Test Output]]>
    </line>
  </reporter-output>
  <suite started-at="2025-09-23T00:13:58 IST" name="Suite" finished-at="2025-09-23T00:13:58 IST" duration-ms="46">
    <groups>
    </groups>
    <test started-at="2025-09-23T00:13:58 IST" name="Test" finished-at="2025-09-23T00:13:58 IST" duration-ms="46">
      <class name="com.kanva.testscripts.Sample">
        <test-method signature="openBrowser()[pri:0, instance:com.kanva.testscripts.Sample@4efac082]" started-at="2025-09-23T00:13:58 IST" name="openBrowser" finished-at="2025-09-23T00:13:58 IST" duration-ms="10" status="PASS">
          <reporter-output>
            <line>
              <![CDATA[Test Output]]>
            </line>
          </reporter-output>
        </test-method> <!-- openBrowser -->
      </class> <!-- com.kanva.testscripts.Sample -->
    </test> <!-- Test -->
  </suite> <!-- Suite -->
</testng-results>
