<?xml version="1.0" encoding="UTF-8"?>
<!-- Generated by org.testng.reporters.JUnitXMLReporter -->
<testsuite ignored="0" hostname="APT04-9K3Y9K3" failures="1" tests="3" name="Test" time="0.023" errors="0" timestamp="01 Sep 2025 18:18:19 GMT">
  <testcase classname="com.listeners.selenium.CustomerClass" name="CreateCustomer" time="0.003"/>
  <testcase classname="com.listeners.selenium.CustomerClass" name="ModifyCustomer" time="0.001">
    <failure type="java.lang.AssertionError" message="null">
      <![CDATA[java.lang.AssertionError: null
	at com.listeners.selenium.CustomerClass.ModifyCustomer(CustomerClass.java:22)
... Removed 27 stack frames]]>
    </failure>
  </testcase> <!-- ModifyCustomer -->
  <testcase classname="com.listeners.selenium.CustomerClass" name="deleteCustomer" time="0.001"/>
</testsuite> <!-- Test -->
