<?xml version="1.0" encoding="UTF-8"?>
<!-- Generated by org.testng.reporters.JUnitXMLReporter -->
<testsuite ignored="2" hostname="APT04-9K3Y9K3" failures="0" tests="1" name="Test(failed)(failed)" time="0.014" errors="0" timestamp="19 Aug 2025 19:11:10 GMT">
  <testcase classname="testng.UserModule" name="createUser" time="0.005"/>
  <testcase classname="testng.UserModule" name="modifyUser" time="0.0">
    <ignored/>
  </testcase> <!-- modifyUser -->
  <testcase classname="testng.UserModule" name="deleteItem" time="0.0">
    <ignored/>
  </testcase> <!-- deleteItem -->
</testsuite> <!-- Test(failed)(failed) -->
