<?xml version="1.0" encoding="UTF-8"?>
<!-- Generated by org.testng.reporters.JUnitXMLReporter -->
<testsuite ignored="2" hostname="APT04-9K3Y9K3" failures="0" tests="3" name="Test(failed)" time="0.017" errors="0" timestamp="19 Aug 2025 19:13:51 GMT">
  <testcase classname="testng.UserModule" name="deleteUser" time="0.006"/>
  <testcase classname="testng.UserModule" name="deleteUser" time="0.001"/>
  <testcase classname="testng.UserModule" name="deleteUser" time="0.0"/>
  <testcase classname="testng.UserModule" name="createUser" time="0.0">
    <ignored/>
  </testcase> <!-- createUser -->
  <testcase classname="testng.UserModule" name="modifyUser" time="0.0">
    <ignored/>
  </testcase> <!-- modifyUser -->
</testsuite> <!-- Test(failed) -->
